<?xml version="1.0" encoding="UTF-8"?>
<!-- Generated by org.testng.reporters.JUnitXMLReporter -->
<testsuite ignored="0" hostname="Pratyush" failures="0" tests="9" name="Default test" time="22.427" errors="0" timestamp="2024-10-17T20:57:28 IST">
  <testcase classname="api.test.DDTests" name="testPostUser" time="4.217"/>
  <testcase classname="api.test.DDTests" name="testPostUser" time="2.06"/>
  <testcase classname="api.test.DDTests" name="testPostUser" time="1.781"/>
  <testcase classname="api.test.DDTests" name="testGetUserByName" time="2.175"/>
  <testcase classname="api.test.DDTests" name="testGetUserByName" time="1.879"/>
  <testcase classname="api.test.DDTests" name="testGetUserByName" time="1.891"/>
  <testcase classname="api.test.DDTests" name="testDeleteUserByName" time="1.972"/>
  <testcase classname="api.test.DDTests" name="testDeleteUserByName" time="1.844"/>
  <testcase classname="api.test.DDTests" name="testDeleteUserByName" time="2.761"/>
</testsuite> <!-- Default test -->
