<?xml version="1.0" encoding="UTF-8"?>
<testng-results ignored="0" total="4" passed="4" failed="0" skipped="0">
  <reporter-output>
  </reporter-output>
  <suite started-at="2024-10-19T13:28:35 IST" name="PetSuite" finished-at="2024-10-19T13:28:49 IST" duration-ms="13623">
    <groups>
    </groups>
    <test started-at="2024-10-19T13:28:35 IST" name="PetTest" finished-at="2024-10-19T13:28:49 IST" duration-ms="13623">
      <class name="api.test.UserTests2">
        <test-method is-config="true" signature="setup()[pri:0, instance:api.test.UserTests2@202b0582]" started-at="2024-10-19T13:28:36 IST" name="setup" finished-at="2024-10-19T13:28:37 IST" duration-ms="1028" status="PASS">
          <reporter-output>
          </reporter-output>
        </test-method> <!-- setup -->
        <test-method signature="testPostUser()[pri:1, instance:api.test.UserTests2@202b0582]" started-at="2024-10-19T13:28:37 IST" name="testPostUser" finished-at="2024-10-19T13:28:41 IST" duration-ms="4214" status="PASS">
          <reporter-output>
          </reporter-output>
        </test-method> <!-- testPostUser -->
        <test-method signature="testGetUserByName()[pri:2, instance:api.test.UserTests2@202b0582]" started-at="2024-10-19T13:28:41 IST" name="testGetUserByName" finished-at="2024-10-19T13:28:43 IST" duration-ms="1862" status="PASS">
          <reporter-output>
          </reporter-output>
        </test-method> <!-- testGetUserByName -->
        <test-method signature="testUpdateUserByName()[pri:3, instance:api.test.UserTests2@202b0582]" started-at="2024-10-19T13:28:43 IST" name="testUpdateUserByName" finished-at="2024-10-19T13:28:47 IST" duration-ms="4257" status="PASS">
          <reporter-output>
          </reporter-output>
        </test-method> <!-- testUpdateUserByName -->
        <test-method signature="testDeleteUserByName()[pri:4, instance:api.test.UserTests2@202b0582]" started-at="2024-10-19T13:28:47 IST" name="testDeleteUserByName" finished-at="2024-10-19T13:28:49 IST" duration-ms="1822" status="PASS">
          <reporter-output>
          </reporter-output>
        </test-method> <!-- testDeleteUserByName -->
      </class> <!-- api.test.UserTests2 -->
    </test> <!-- PetTest -->
  </suite> <!-- PetSuite -->
</testng-results>
