<?xml version="1.0" encoding="UTF-8"?>
<!-- Generated by org.testng.reporters.JUnitXMLReporter -->
<testsuite ignored="0" hostname="Pratyush" failures="0" tests="4" name="PetTest" time="13.623" errors="0" timestamp="2024-10-19T13:28:50 IST">
  <testcase classname="api.test.UserTests2" name="testPostUser" time="4.214"/>
  <testcase classname="api.test.UserTests2" name="testGetUserByName" time="1.862"/>
  <testcase classname="api.test.UserTests2" name="testUpdateUserByName" time="4.257"/>
  <testcase classname="api.test.UserTests2" name="testDeleteUserByName" time="1.822"/>
</testsuite> <!-- PetTest -->
