<?xml version="1.0" encoding="UTF-8"?>
<!-- Generated by org.testng.reporters.JUnitXMLReporter -->
<testsuite ignored="0" hostname="Pratyush" failures="0" tests="4" name="PetTest" time="19.115" errors="0" timestamp="2024-10-18T19:15:51 IST">
  <testcase classname="api.test.UserTests2" name="testPostUser" time="6.865"/>
  <testcase classname="api.test.UserTests2" name="testGetUserByName" time="3.933"/>
  <testcase classname="api.test.UserTests2" name="testUpdateUserByName" time="5.763"/>
  <testcase classname="api.test.UserTests2" name="testDeleteUserByName" time="1.437"/>
</testsuite> <!-- PetTest -->
